Ciphertext[0] xor Target

Crib
~cipher~

[0]
When u

[1]
b|v-br

[2]
vo5oe;

[3]
e,wh,

[4]
&np!ht

[5]
di9ec<

[6]
c }n+3

[7]
*dv&$0

[8]
no>)'d

[9]
e'1*s&

[10]
-(2~1v

[11]
"+f<a~

[12]
!$liv

[13]
u=tdah

[14]
7m|l7

[15]
getr u

[16]
omj-b;

[17]
gs5o,c

[18]
y,w!ti

[19]
&n9y~7

[20]
d as a

[21]
*xk-v.

[22]
rr5{9"

[23]
x,c45n

[24]
&z,8yx

[25]
p5 to|

[26]
?9lbk~

[27]
3uzfim

[28]
c~dz3

[29]
ig|w$s

[30]
meo)dh

[31]
ov1iy

[32]
|(qrn5

[33]
"hjc"&

[34]
bs{/1n

[35]
yb7<y

[36]
h.$th7

[37]
$=le 9

[38]
7u}-.v

[39]
d5#ah

[40]
n,;l&

[41]
&"tr1v

[42]
(mj<ar

[43]
gs$len

[44]
y=thy7

[45]
7mpt =

[46]
gil-*`

[47]
cu5'w:

[48]
,?z-r

[49]
&&b e<

[50]
,{8h+"

[51]
q!p&5o

[52]
+i>8xs

[53]
c' udg

[54]
-9mipr

[55]
3tq}e=

[56]
~heh*

[57]
b|p'

[58]
vi?

[59]
c&

[60]
,
Ciphertext[1] xor Target

Crib
~cipher~

[0]
u!zh *

[1]
+cp-=u

[2]
ii50br

[3]
c,(oeq

[4]
&1whfp

[5]
;npkgr

[6]
disjec

[7]
cjrht3

[8]
`kpy$e

[9]
aia)r&

[10]
cx11u

[11]
r(g<bd

[12]
"~$osv

[13]
t=w~al

[14]
7nfl{r

[15]
dtvep

[16]
umnhg;

[17]
gwpj,i

[18]
}ir!~

[19]
ck9shn

[20]
a keys

[21]
*r}td*

[22]
xdli= 

[23]
nuq07y

[24]
h(:nv

[25]
b1"cai

[26]
;;{l~7

[27]
1bts o

[28]
hmk-x4

[29]
gr5u#'

[30]
x,m.0b

[31]
&t6=ux

[32]
~/%xo?

[33]
%<`b(v

[34]
6yz%av

[35]
sc=lar

[36]
i$tle&

[37]
.mth1|

[38]
gmp<k{

[39]
gi$flr

[40]
c=~aer

[41]
7gyhem

[42]
m`phz|

[43]
jipwkn

[44]
ciofys

[45]
cv~td=

[46]
|gli*k

[47]
muq'|:

[48]
h?q-w

[49]
b&i `u

[50]
,p8mb5

[51]
z!uo"t

[52]
+lw/ch

[53]
fn7n?

[54]
d.vr(7

[55]
$oj% 

[56]
es=-

[57]
y$5

[58]
.,

[59]
&

[60]

Ciphertext[2] xor Target

Crib
~cipher~

[0]
`ip&.b

[1]
ci>#ux

[2]
c';xoh

[3]
-"`bh

[4]
(yzrg

[5]
scjrp7

[6]
isj} r

[7]
yse-e?

[8]
y|5h(!

[9]
v,p%6k

[10]
&i=;|u

[11]
c$#qbd

[12]
.:iosg

[13]
0pw~p?

[14]
znf}(0

[15]
de%'t

[16]
u|=*c;

[17]
v$2n,e

[18]
.+v!r

[19]
!o9hy

[20]
e gene

[21]
*~}cr,

[22]
td{;3

[23]
nbg6$h

[24]
h~.)r

[25]
t71re`

[26]
=(jhw7

[27]
"spz c

[28]
yib-t=

[29]
c{5y*j

[30]
q,a'}q

[31]
&x?pf{

[32]
r&hkl7

[33]
,qsa r

[34]
{jy-e

[35]
``5hh{

[36]
j,pel+

[37]
&i}a<9

[38]
cdy1.v

[39]
n`)#a

[40]
j0;lhr

[41]
:"teem

[42]
(m}hz|

[43]
gdpwkn

[44]
niofys

[45]
cv~td=

[46]
|gli*k

[47]
muq'|:

[48]
h?q-d

[49]
b&i su

[50]
,p8~b&

[51]
z!fo1u

[52]
+w<b<

[53]
un$o+p

[54]
d=w&gc

[55]
7n>jts

[56]
d'ryd

[57]
-kai

[58]
axq

[59]
rh

[60]
b
Ciphertext[3] xor Target

Crib
~cipher~

[0]
`i|uej

[1]
cemh}`

[2]
otppwp

[3]
~ihzgy

[4]
cqbjnf

[5]
{{rcqr

[6]
qk{|eg

[7]
abdhp:

[8]
h}p}-d

[9]
wie s&

[10]
c|8~1s

[11]
v!f<dn

[12]
+$iy`

[13]
u=qtwk

[14]
7hlz|7

[15]
bubq |

[16]
{i-k;

[17]
qp5f,t

[18]
z,~!c

[19]
&g9nhe

[20]
m very

[21]
*o}n~

[22]
edgci1

[23]
n~{d&i

[24]
tb|+~z

[25]
he3smf

[26]
o*k`qr

[27]
 rx|er

[28]
xadhe!

[29]
k}ph6h

[30]
wip;l

[31]
ci#r{r

[32]
c:jver

[33]
0snher

[34]
ywpheu

[35]
}iphb7

[36]
cipo ;

[37]
ciw-,t

[38]
cn5!cg

[39]
d,9npg

[40]
& v}p7

[41]
*oe} r

[42]
e|e-ex

[43]
v|5hon

[44]
v,pbyc

[45]
&izttr

[46]
cclyeo

[47]
iuahxt

[48]
xpuc3

[49]
rimn$l

[50]
ctv){ 

[51]
~o1v7|

[52]
e(n:k

[53]
"w"fhe

[54]
};~er~

[55]
1g}i0

[56]
mdgd'

[57]
n~|*

[58]
te2

[59]
o+

[60]
!
Ciphertext[4] xor Target

Crib
~cipher~

[0]
u!fr7b

[1]
+j:u`

[2]
us"xwv

[3]
y;`za<

[4]
1ybl+v

[5]
s{t&a;

[6]
qm>l,c

[7]
g't!t:

[8]
-m9y-d

[9]
g a st

[10]
*x8~c 

[11]
r!fn7z

[12]
+v:mr

[13]
uo"`et

[14]
e;xhc7

[15]
1apn b

[16]
kiv-u;

[17]
co5x,w

[18]
e,`!`i

[19]
&y9m~r

[20]
s use 

[21]
*lkh71

[22]
frp:&4

[23]
xi"+#<

[24]
c;3.+v

[25]
1*6&a$

[26]
 />l3z

[27]
%'t>mu

[28]
-m&`b1

[29]
g?xo&o

[30]
5aw+x!

[31]
kn3u6d

[32]
d*m;s?

[33]
 t#~(g

[34]
~:f%pv

[35]
0=}a{

[36]
u$ell7

[37]
.|ta k

[38]
vmy-|7

[39]
g`5q j

[40]
j,i-}<

[41]
&p5p+{

[42]
z,h&l=

[43]
&q>a*m

[44]
{'y'zx

[45]
-`?wo 

[46]
j&ob7c

[47]
,vz:t:

[48]
|c"y-p

[49]
i;a gs

[50]
1x8jd<

[51]
r!ri+k

[52]
+kq&|y

[53]
ah>qn

[54]
b'ich~

[55]
-p{ei6

[56]
zb}d!

[57]
hd|,

[58]
ne4

[59]
o-

[60]
'
Ciphertext[5] xor Target

Crib
~cipher~

[0]
u!fr7b

[1]
+j:u`

[2]
us"xwv

[3]
y;`za<

[4]
1ybl+v

[5]
s{t&a;

[6]
qm>l,c

[7]
g't!t:

[8]
-m9y-d

[9]
g a st

[10]
*x8~c 

[11]
r!fn7p

[12]
+v:gv

[13]
uo"jaq

[14]
e;rlf7

[15]
1ktk c

[16]
ams-tz

[17]
gj5ymv

[18]
`,a`a

[19]
&xxlhd

[20]
rates 

[21]
km}~7-

[22]
gdf::'

[23]
n"70

[24]
u;/=ht

[25]
16%eca

[26]
<<}nvd

[27]
6dv{ss

[28]
noc~d;

[29]
ezfi,q

[30]
pq!fd

[31]
uh9ks7

[32]
b s~ 7

[33]
*jf- j

[34]
`5-}

[35]
u,5phz

[36]
&,hem7

[37]
&q}` w

[38]
{dx-`c

[39]
na5mtx

[40]
k,uyor

[41]
&labep

[42]
fxzhg{

[43]
rcpjl 

[44]
iira7c

[45]
cky:t:

[46]
a`"y-c

[47]
j;a t:

[48]
1x8y-x

[49]
r!a oy

[50]
+x8bn+

[51]
r!zc<n

[52]
+c{1yh

[53]
ib)tc

[54]
h0lrtr

[55]
:ujye2

[56]
sah%

[57]
yxp(

[58]
ri0

[59]
c)

[60]
#
Ciphertext[6] xor Target

Crib
~cipher~

[0]
}o5get

[1]
e,hcx

[2]
&fpnou

[3]
livbb

[4]
cozoh}

[5]
ecwej 

[6]
in}g7|

[7]
dd:k<

[8]
nf"f+n

[9]
l;~&ys

[10]
1g>tds

[11]
m'lid7

[12]
-uqi `

[13]
hq-wk

[14]
bh5z| 

[15]
b,bq7t

[16]
&{i:cz

[17]
qp"nmo

[18]
z;v`x:

[19]
1oxu-t

[20]
eam ci

[21]
kt8n~.

[22]
~!vs9:

[23]
+ok4-y

[24]
er, ne

[25]
x58cr$

[26]
?!{3v

[27]
+bg>a 

[28]
h~&l7!

[29]
t?t:6s

[30]
5m";ds

[31]
g;#idr

[32]
1:qie3

[33]
0hqh$k

[34]
bhp)|:

[35]
bi1q-x

[36]
c(i o4

[37]
"p8b#9

[38]
z!z..g

[39]
+c6#px

[40]
i/;}o7

[41]
%"eb j

[42]
(|z-}y

[43]
vc5pno

[44]
i,hcx:

[45]
&q{u- 

[46]
{bm 7g

[47]
ht8:pt

[48]
~!"}cw

[49]
+;en`s

[50]
1|vmd?

[51]
voui(=

[52]
elq%*x

[53]
fh='ox

[54]
b$?bop

[55]
.&zbg:

[56]
,czj-

[57]
icr 

[58]
ik8

[59]
a!

[60]
+
Ciphertext[7] xor Target

Crib
~cipher~

[0]
}g9&-h

[1]
m > v

[2]
*'8ra~

[3]
-!jlij

[4]
+std}p

[5]
ym|pg 

[6]
gehj7?

[7]
oqr:(r

[8]
{k"%e`

[9]
a;=hw&

[10]
1$pz1d

[11]
.ib<s~

[12]
c{$~it

[13]
q=fdcv

[14]
7|na&

[15]
uevl11

[16]
oot<&r

[17]
em$+eq

[18]
g=3hf:

[19]
7*pk-t

[20]
 is co

[21]
cj8nx,

[22]
`!vu; 

[23]
+om67i

[24]
et.:~g

[25]
~7"spp

[26]
=;k}gr

[27]
1rejed

[28]
x|rhsr

[29]
vkp~en

[30]
aifhyo

[31]
cptx7

[32]
uilu &

[33]
cum-1t

[34]
t5<c{

[35]
~,$nly

[36]
&=van!

[37]
7oyc6t

[38]
e`{;c~

[39]
jb#nix

[40]
h:vdo!

[41]
0o|b6v

[42]
eez;ar

[43]
oc#len

[44]
i:thy;

[45]
0mpt,r

[46]
gil!et

[47]
cu9hc{

[48]
 pnlg

[49]
*ivapt

[50]
coy}c7

[51]
e`en o

[52]
j|v-x<

[53]
vo5u+e

[54]
e,m&r

[55]
&t>h2

[56]
~'ge%

[57]
-~}(

[58]
td0

[59]
n)

[60]
#
Ciphertext[8] xor Target

Crib
~cipher~

[0]
uozr-b

[1]
ecj us

[2]
is8xd;

[3]
y!`i,}

[4]
+yq!je

[5]
sh9gr"

[6]
b 5a

[7]
*fg8v=

[8]
l~ {*`

[9]
t9c'we

[10]
3z?zrh

[11]
p&b7

[12]
,{gr f

[13]
q~j-ql

[14]
ts5|{7

[15]
y,dv b

[16]
&}n-u;

[17]
ww5x,q

[18]
},`!f

[19]
&y9kha

[20]
s seve

[21]
*j}{r,

[22]
`dc;3

[23]
nzg6$p

[24]
p~.)g7

[25]
t71j k

[26]
=(r-|q

[27]
"k5qf 

[28]
a,ik7&

[29]
&ps:1o

[30]
zj"<xd

[31]
`;$us7

[32]
1=m~ "

[33]
7tf-5t

[34]
~58c

[35]
u, nha

[36]
&9vev;

[37]
3o}{,v

[38]
edc!ab

[39]
nz9lux

[40]
p txor

[41]
*m`beQ

[42]
gyzhF=

[43]
scpK*c

[44]
iiS't~

[45]
cJ?yi"

[46]
@&ad5n

[47]
,x|8y

[48]
re tha

[49]
o9levh

[50]
3u}{7

[51]
dcr e

[52]
nzj-rh

[53]
ps51

[54]
y,gr&s

[55]
&~j+d:

[56]
ts3i-

[57]
y*q 

[58]
 h8

[59]
b!

[60]
+
Ciphertext[9] xor Target

Crib
~cipher~

[0]
vh{g7~

[1]
bb:i!

[2]
hf"d6h

[3]
l;|;h

[4]
1e#rg

[5]
o:jrp7

[6]
0sj} r

[7]
yse-e?

[8]
y|5h(!

[9]
v,p%6e

[10]
&i=;ri

[11]
c$#~g

[12]
.:gsp{

[13]
0~k}lz

[14]
tream 

[15]
x|y`7b

[16]
v`x:u;

[17]
ja"x,c

[18]
k;`!th

[19]
1y9yr

[20]
s are 

[21]
*xjh71

[22]
rsp:&4

[23]
yi"+#h

[24]
c;3.r

[25]
1*6rej

[26]
 /jh}7

[27]
%spp c

[28]
yih-t=

[29]
cq5y*i

[30]
{,a'~r

[31]
&x?sec

[32]
r&kht 

[33]
,rpy7s

[34]
xia:dy

[35]
cx"inc

[36]
r;qct7

[37]
1h{y }

[38]
bba-j7

[39]
hx5g ~

[40]
r,-i!

[41]
&f5d6v

[42]
l,|;as

[43]
&e#ldg

[44]
o:tip7

[45]
0mq} >

[46]
ghe-)o

[47]
b|5$xt

[48]
v,<ucv

[49]
&%mna}

[50]
/tvlj 

[51]
~otg7=

[52]
em:*z

[53]
gf"'mt

[54]
l;?`cr

[55]
1&xne7

[56]
,avh 

[57]
kop-

[58]
ei5

[59]
c,

[60]
&
